SF:lib/core/local_storage/app_storage.dart
DA:9,2
DA:11,2
DA:12,4
DA:13,4
DA:15,2
DA:21,2
DA:22,4
DA:27,2
DA:31,4
DA:35,2
DA:36,4
LF:11
LH:11
end_of_record
SF:lib/core/local_storage/app_storage_pod.dart
DA:7,6
DA:8,3
DA:14,3
DA:15,2
LF:4
LH:4
end_of_record
SF:lib/core/theme/theme_controller.dart
DA:6,2
DA:7,1
DA:17,1
DA:19,5
DA:21,2
DA:23,2
DA:31,1
DA:32,1
DA:33,6
LF:9
LH:9
end_of_record
SF:lib/shared/api_client/dio/dio_client_provider.dart
DA:14,3
DA:15,1
DA:16,1
DA:17,2
DA:19,3
DA:20,3
DA:21,2
DA:22,1
DA:23,1
DA:32,3
DA:33,1
DA:56,1
LF:12
LH:12
end_of_record
SF:lib/shared/exception/base_exception.dart
DA:8,0
DA:17,1
DA:23,1
DA:28,1
DA:29,1
DA:30,1
DA:31,1
DA:35,1
DA:36,1
DA:37,1
DA:38,1
DA:39,1
DA:43,1
DA:44,1
DA:45,2
DA:46,1
DA:47,1
DA:51,3
DA:53,1
DA:54,2
DA:56,1
DA:58,4
DA:60,1
DA:64,1
DA:65,3
DA:66,3
DA:67,3
DA:70,1
DA:72,8
DA:74,1
DA:75,1
LF:31
LH:30
end_of_record
SF:lib/shared/pods/internet_checker_pod.dart
DA:5,2
DA:6,1
DA:11,4
DA:16,2
DA:17,2
DA:18,1
DA:26,1
DA:28,3
DA:31,4
DA:33,1
DA:35,1
DA:38,1
DA:39,2
LF:13
LH:13
end_of_record
SF:lib/shared/riverpod_ext/cache_extensions.dart
DA:7,1
DA:10,1
DA:16,2
DA:17,1
DA:18,1
DA:29,2
DA:37,1
DA:38,3
DA:39,2
LF:9
LH:9
end_of_record
SF:lib/init.dart
DA:7,1
DA:8,2
DA:12,1
DA:14,1
DA:18,2
DA:21,1
LF:6
LH:6
end_of_record
