SF:lib/core/local_storage/app_storage.dart
DA:9,7
DA:11,3
DA:12,6
DA:13,6
DA:15,3
DA:21,7
DA:22,14
DA:27,5
DA:31,10
DA:35,3
DA:36,6
LF:11
LH:11
end_of_record
SF:lib/core/local_storage/app_storage_pod.dart
DA:7,21
DA:8,19
DA:14,15
DA:15,2
LF:4
LH:4
end_of_record
SF:lib/core/theme/theme_controller.dart
DA:6,8
DA:7,4
DA:17,4
DA:19,20
DA:21,2
DA:23,2
DA:31,2
DA:32,2
DA:33,12
LF:9
LH:9
end_of_record
SF:lib/shared/pods/internet_checker_pod.dart
DA:5,4
DA:6,2
DA:11,18
DA:16,2
DA:17,2
DA:18,1
DA:26,2
DA:28,6
DA:31,4
DA:33,1
DA:35,2
DA:39,1
DA:40,2
LF:13
LH:13
end_of_record
SF:lib/l10n/l10n.dart
DA:7,6
LF:1
LH:1
end_of_record
SF:lib/features/counter/controller/counter_state_pod.dart
DA:5,12
DA:12,16
LF:2
LH:2
end_of_record
SF:lib/features/counter/controller/notifier/counter_notifier.dart
DA:8,4
DA:10,12
DA:14,8
DA:17,8
LF:4
LH:4
end_of_record
SF:lib/features/counter/view/counter_page.dart
DA:14,2
DA:16,2
DA:23,12
DA:25,3
DA:27,3
DA:28,3
DA:44,3
DA:47,3
DA:48,3
DA:49,3
DA:50,3
DA:52,5
DA:58,3
DA:59,3
DA:60,3
DA:62,5
DA:74,10
DA:76,3
DA:78,3
DA:79,6
DA:84,10
DA:86,3
DA:88,3
DA:89,6
DA:90,12
LF:25
LH:25
end_of_record
SF:lib/features/theme_segmented_btn/view/theme_segmented_btn.dart
DA:9,10
DA:11,3
DA:12,3
DA:16,3
DA:18,3
DA:33,9
DA:34,1
DA:35,1
DA:36,3
DA:37,2
LF:10
LH:10
end_of_record
SF:lib/shared/widget/app_locale_popup.dart
DA:9,11
DA:11,4
DA:13,8
DA:14,4
DA:16,12
DA:19,1
DA:20,4
DA:22,1
DA:23,1
DA:24,1
DA:25,2
DA:26,1
DA:28,1
DA:29,1
DA:31,3
DA:33,1
DA:35,3
DA:39,1
DA:44,1
DA:50,1
DA:52,1
DA:57,6
DA:58,1
DA:63,1
DA:69,1
DA:71,6
DA:75,4
DA:76,4
DA:81,8
LF:29
LH:29
end_of_record
SF:lib/features/theme_segmented_btn/controller/selection_theme_pod.dart
DA:6,9
DA:7,9
LF:2
LH:2
end_of_record
SF:lib/shared/exception/base_exception.dart
DA:8,1
DA:17,1
DA:23,1
DA:28,1
DA:29,1
DA:30,1
DA:31,1
DA:35,1
DA:36,1
DA:37,1
DA:38,1
DA:39,1
DA:43,1
DA:44,1
DA:45,2
DA:46,1
DA:47,1
DA:51,3
DA:53,1
DA:54,2
DA:56,1
DA:58,4
DA:60,1
DA:64,1
DA:65,3
DA:66,3
DA:67,3
DA:70,1
DA:72,8
DA:74,1
DA:75,1
LF:31
LH:31
end_of_record
SF:lib/shared/pods/locale_pod.dart
DA:13,5
DA:15,25
DA:19,4
DA:20,4
DA:21,1
DA:23,5
DA:27,2
DA:28,2
DA:30,2
DA:31,8
DA:32,2
DA:33,2
DA:36,1
DA:41,15
LF:14
LH:14
end_of_record
SF:lib/core/theme/app_theme.dart
DA:7,2
DA:31,1
DA:38,2
DA:60,1
LF:4
LH:4
end_of_record
SF:lib/shared/api_client/dio/dio_client_provider.dart
DA:14,8
DA:15,1
DA:16,1
DA:17,2
DA:19,3
DA:20,3
DA:21,2
DA:22,1
DA:23,1
DA:32,3
DA:33,1
DA:56,1
LF:12
LH:12
end_of_record
SF:lib/shared/riverpod_ext/asynvalue_easy_when.dart
DA:10,1
DA:21,1
DA:23,1
DA:25,1
DA:29,1
DA:37,1
DA:39,1
DA:40,1
DA:52,1
DA:58,1
DA:60,1
DA:61,1
DA:70,1
DA:84,1
DA:86,1
DA:87,1
DA:88,1
DA:90,1
DA:91,1
DA:92,1
DA:93,1
DA:95,1
DA:96,1
DA:97,1
DA:99,1
DA:101,2
DA:104,1
DA:106,1
DA:110,2
DA:112,1
DA:113,1
DA:114,1
DA:115,1
DA:116,1
DA:117,1
DA:118,1
DA:119,1
DA:120,1
DA:121,1
DA:123,1
DA:124,1
DA:125,1
DA:127,1
DA:129,2
DA:138,1
DA:146,1
DA:148,3
DA:149,1
DA:150,1
DA:153,8
DA:159,1
DA:165,1
DA:167,2
DA:168,1
DA:169,6
DA:171,1
DA:173,1
DA:174,1
DA:175,1
DA:176,1
DA:177,1
DA:178,1
DA:180,1
DA:182,1
DA:183,1
DA:184,1
DA:185,1
DA:186,1
DA:187,1
DA:188,1
DA:190,1
DA:191,1
DA:192,1
DA:193,1
DA:194,1
DA:195,1
DA:197,1
DA:199,1
DA:200,1
DA:201,1
DA:202,1
DA:203,1
DA:204,1
DA:205,1
DA:206,6
DA:207,1
DA:209,1
DA:210,1
DA:211,1
DA:212,1
DA:213,1
DA:214,1
DA:215,1
DA:217,1
DA:218,1
DA:219,1
DA:220,1
DA:221,1
DA:222,1
LF:99
LH:99
end_of_record
SF:lib/shared/widget/no_internet_widget.dart
DA:10,1
DA:13,1
DA:23,1
DA:30,1
DA:32,1
DA:33,1
DA:34,1
DA:35,1
DA:36,1
DA:40,1
DA:41,1
DA:44,1
DA:45,1
DA:55,1
DA:60,1
DA:62,1
DA:67,1
DA:70,1
DA:72,2
DA:73,3
DA:78,1
DA:80,1
DA:83,1
DA:85,3
DA:86,2
DA:87,1
DA:88,1
DA:89,1
DA:90,1
DA:92,1
DA:97,1
DA:98,1
DA:99,1
DA:101,1
DA:102,1
DA:103,2
DA:104,1
DA:111,1
DA:112,1
DA:113,1
DA:114,3
DA:123,1
DA:127,2
DA:129,5
DA:130,1
DA:131,1
DA:132,1
DA:133,3
DA:135,3
DA:138,1
DA:139,1
LF:51
LH:51
end_of_record
SF:lib/init.dart
DA:7,1
DA:8,2
DA:12,1
DA:14,1
DA:18,2
DA:21,1
LF:6
LH:6
end_of_record
SF:lib/shared/riverpod_ext/cache_extensions.dart
DA:7,1
DA:10,1
DA:16,2
DA:17,1
DA:18,1
DA:29,2
DA:37,1
DA:38,3
DA:39,2
LF:9
LH:9
end_of_record
